android/app/build/intermediates/manifest_merge_blame_file/debug/manifest-merger-blame-debug-report.txt
1<?xml version="1.0" encoding="utf-8"?>
2<manifest xmlns:android="http://schemas.android.com/apk/res/android"
3    package="com.beetpos"
4    android:versionCode="162"
5    android:versionName="1.2.0.1" >
6
7    <uses-sdk
8        android:minSdkVersion="21"
9        android:targetSdkVersion="33" />
10
11    <uses-permission android:name="android.permission.SYSTEM_ALERT_WINDOW" />
11-->src/main/AndroidManifest.xml:6:5-77
11-->src/main/AndroidManifest.xml:6:22-75
12    <uses-permission android:name="android.permission.INTERNET" />
12-->src/main/AndroidManifest.xml:3:5-67
12-->src/main/AndroidManifest.xml:3:22-64
13    <uses-permission android:name="android.permission.CAMERA" />
13-->src/main/AndroidManifest.xml:7:5-65
13-->src/main/AndroidManifest.xml:7:22-62
14    <uses-permission android:name="android.permission.RECORD_AUDIO" />
14-->src/main/AndroidManifest.xml:8:5-70
14-->src/main/AndroidManifest.xml:8:22-68
15    <uses-permission android:name="android.permission.READ_EXTERNAL_STORAGE" />
15-->src/main/AndroidManifest.xml:9:5-80
15-->src/main/AndroidManifest.xml:9:22-77
16    <uses-permission android:name="android.permission.WRITE_EXTERNAL_STORAGE" />
16-->src/main/AndroidManifest.xml:10:5-81
16-->src/main/AndroidManifest.xml:10:22-78
17    <uses-permission android:name="android.permission.READ_PHONE_STATE" />
17-->src/main/AndroidManifest.xml:11:5-75
17-->src/main/AndroidManifest.xml:11:22-72
18    <!--
19 <uses-permission android:name="android.permission.ACCESS_COARSE_LOCATION" />
20    <uses-permission android:name="android.permission.ACCESS_FINE_LOCATION" />
21    -->
22    <uses-permission android:name="android.permission.DOWNLOAD_WITHOUT_NOTIFICATION" />
22-->src/main/AndroidManifest.xml:14:5-88
22-->src/main/AndroidManifest.xml:14:22-85
23    <uses-permission android:name="android.permission.ACCESS_NETWORK_STATE" />
23-->src/main/AndroidManifest.xml:15:5-79
23-->src/main/AndroidManifest.xml:15:22-76
24    <uses-permission android:name="android.permission.ACCESS_WIFI_STATE" />
24-->src/main/AndroidManifest.xml:17:5-76
24-->src/main/AndroidManifest.xml:17:22-73
25    <uses-permission android:name="android.permission.VIBRATE" />
25-->src/main/AndroidManifest.xml:18:5-66
25-->src/main/AndroidManifest.xml:18:22-63
26    <uses-permission android:name="android.permission.READ_CONTACTS" />
26-->src/main/AndroidManifest.xml:19:5-72
26-->src/main/AndroidManifest.xml:19:22-69
27    <!--
28 <uses-permission android:name="android.permission.BBPOS" />
29    <uses-permission android:name="com.google.android.gms.permission.AD_ID"/>
30    -->
31    <uses-permission
31-->src/main/AndroidManifest.xml:25:5-95
32        android:name="android.permission.BLUETOOTH"
32-->src/main/AndroidManifest.xml:25:22-65
33        android:maxSdkVersion="30" />
33-->src/main/AndroidManifest.xml:25:66-92
34    <uses-permission
34-->src/main/AndroidManifest.xml:26:5-101
35        android:name="android.permission.BLUETOOTH_ADMIN"
35-->src/main/AndroidManifest.xml:26:22-71
36        android:maxSdkVersion="30" />
36-->src/main/AndroidManifest.xml:26:72-98
37    <uses-permission android:name="android.permission.ACCESS_COARSE_LOCATION" />
37-->src/main/AndroidManifest.xml:30:5-80
37-->src/main/AndroidManifest.xml:30:22-78
38
39    <uses-permission-sdk-23 android:name="android.permission.ACCESS_FINE_LOCATION" /> <!-- Only when targeting Android 12 or higher -->
39-->src/main/AndroidManifest.xml:31:5-85
39-->src/main/AndroidManifest.xml:31:29-83
40    <!--
41 Please make sure you read the following documentation to have a
42         better understanding of the new permissions.
43         https://developer.android.com/guide/topics/connectivity/bluetooth/permissions#assert-never-for-location
44    -->
45    <!--
46 If your app doesn't use Bluetooth scan results to derive physical location information,
47         you can strongly assert that your app
48         doesn't derive physical location.
49    -->
50    <!--
51 <uses-permission android:name="android.permission.BLUETOOTH_CONNECT" 
52                     android:usesPermissionFlags="neverForLocation" />
53    -->
54    <uses-permission android:name="android.permission.BLUETOOTH_CONNECT" /> <!-- Needed only if your app looks for Bluetooth devices. -->
54-->src/main/AndroidManifest.xml:42:5-76
54-->src/main/AndroidManifest.xml:42:22-73
55    <uses-permission android:name="android.permission.BLUETOOTH_SCAN" /> <!-- Needed only if your app makes the device discoverable to Bluetooth devices. -->
55-->src/main/AndroidManifest.xml:44:5-73
55-->src/main/AndroidManifest.xml:44:22-70
56    <uses-permission android:name="android.permission.BLUETOOTH_ADVERTISE" />
56-->src/main/AndroidManifest.xml:46:5-78
56-->src/main/AndroidManifest.xml:46:22-75
57    <uses-permission android:name="android.permission.ACCESS_FINE_LOCATION" />
57-->[autoreplyprint.aar] AndroidManifest.xml:14:5-79
57-->[autoreplyprint.aar] AndroidManifest.xml:14:22-76
58    <uses-permission android:name="android.permission.CHANGE_WIFI_STATE" />
58-->[autoreplyprint.aar] AndroidManifest.xml:18:5-76
58-->[autoreplyprint.aar] AndroidManifest.xml:18:22-73
59    <uses-permission android:name="android.permission.CHANGE_WIFI_MULTICAST_STATE" />
59-->[autoreplyprint.aar] AndroidManifest.xml:19:5-86
59-->[autoreplyprint.aar] AndroidManifest.xml:19:22-83
60    <!--
61    <uses-permission android:name="android.permission.BLUETOOTH" android:maxSdkVersion="30"/>
62    <uses-permission android:name="android.permission.BLUETOOTH_ADMIN" android:maxSdkVersion="30"/>
63
64    <uses-permission android:name="android.permission.BLUETOOTH_SCAN"/>
65    <uses-permission android:name="android.permission.BLUETOOTH_ADVERTISE"/>
66    <uses-permission android:name="android.permission.BLUETOOTH_CONNECT"/>
67
68    <uses-permission android:name="android.permission.ACCESS_COARSE_LOCATION"/>
69    <uses-permission android:name="android.permission.ACCESS_FINE_LOCATION"/>
70    -->
71    <uses-permission android:name="android.hardware.usb.UsbAccessory" />
71-->[:react-native-bluetooth-escpos-printer] AndroidManifest.xml:31:5-73
71-->[:react-native-bluetooth-escpos-printer] AndroidManifest.xml:31:22-70
72
73    <uses-feature
73-->[:react-native-ble-manager] AndroidManifest.xml:13:5-15:36
74        android:name="android.hardware.bluetooth_le"
74-->[:react-native-ble-manager] AndroidManifest.xml:14:9-53
75        android:required="false" />
75-->[:react-native-ble-manager] AndroidManifest.xml:15:9-33
76    <uses-feature
76-->[:react-native-camera] AndroidManifest.xml:11:5-13:36
77        android:name="android.hardware.camera"
77-->[:react-native-camera] AndroidManifest.xml:12:9-47
78        android:required="false" />
78-->[:react-native-camera] AndroidManifest.xml:13:9-33
79    <uses-feature
79-->[:react-native-camera] AndroidManifest.xml:14:5-16:36
80        android:name="android.hardware.camera.autofocus"
80-->[:react-native-camera] AndroidManifest.xml:15:9-57
81        android:required="false" /> <!-- Required to access Google Play Licensing -->
81-->[:react-native-camera] AndroidManifest.xml:16:9-33
82    <uses-permission android:name="com.android.vending.CHECK_LICENSE" />
82-->[:rn-fetch-blob] AndroidManifest.xml:10:5-73
82-->[:rn-fetch-blob] AndroidManifest.xml:10:22-70
83    <!--
84         Required to keep CPU alive while downloading files
85        (NOT to keep screen awake)
86    -->
87    <uses-permission android:name="android.permission.WAKE_LOCK" /> <!-- Create a unique permission for your app and use it so only your app can receive your OneSignal messages. -->
87-->[:rn-fetch-blob] AndroidManifest.xml:19:5-68
87-->[:rn-fetch-blob] AndroidManifest.xml:19:22-65
88    <permission
88-->[com.onesignal:OneSignal:4.8.2] AndroidManifest.xml:7:5-9:47
89        android:name="com.beetpos.permission.C2D_MESSAGE"
89-->[com.onesignal:OneSignal:4.8.2] AndroidManifest.xml:8:9-63
90        android:protectionLevel="signature" />
90-->[com.onesignal:OneSignal:4.8.2] AndroidManifest.xml:9:9-44
91
92    <uses-permission android:name="com.beetpos.permission.C2D_MESSAGE" /> <!-- OneSignal SDK has runtime checks Android version. -->
92-->[com.onesignal:OneSignal:4.8.2] AndroidManifest.xml:11:5-79
92-->[com.onesignal:OneSignal:4.8.2] AndroidManifest.xml:11:22-76
93    <!-- <uses-sdk tools:overrideLibrary="android.support.customtabs"/> -->
94    <!-- Required runtime permission to display notifications on Android 13 -->
95    <uses-permission android:name="android.permission.POST_NOTIFICATIONS" /> <!-- c2dm RECEIVE are basic requirements for push messages through Google's FCM -->
95-->[com.onesignal:OneSignal:4.8.2] AndroidManifest.xml:16:5-77
95-->[com.onesignal:OneSignal:4.8.2] AndroidManifest.xml:16:22-74
96    <uses-permission android:name="com.google.android.c2dm.permission.RECEIVE" />
96-->[com.onesignal:OneSignal:4.8.2] AndroidManifest.xml:18:5-82
96-->[com.onesignal:OneSignal:4.8.2] AndroidManifest.xml:18:22-79
97    <!--
98 Use to restore notifications the user hasn't interacted with.
99         They could be missed notifications if the user reboots their device if this isn't in place.
100    -->
101    <uses-permission android:name="android.permission.RECEIVE_BOOT_COMPLETED" /> <!-- START: ShortcutBadger -->
101-->[com.onesignal:OneSignal:4.8.2] AndroidManifest.xml:30:5-81
101-->[com.onesignal:OneSignal:4.8.2] AndroidManifest.xml:30:22-78
102    <!-- Samsung -->
103    <uses-permission android:name="com.sec.android.provider.badge.permission.READ" />
103-->[com.onesignal:OneSignal:4.8.2] AndroidManifest.xml:32:5-86
103-->[com.onesignal:OneSignal:4.8.2] AndroidManifest.xml:32:22-83
104    <uses-permission android:name="com.sec.android.provider.badge.permission.WRITE" /> <!-- HTC -->
104-->[com.onesignal:OneSignal:4.8.2] AndroidManifest.xml:33:5-87
104-->[com.onesignal:OneSignal:4.8.2] AndroidManifest.xml:33:22-84
105    <uses-permission android:name="com.htc.launcher.permission.READ_SETTINGS" />
105-->[com.onesignal:OneSignal:4.8.2] AndroidManifest.xml:34:5-81
105-->[com.onesignal:OneSignal:4.8.2] AndroidManifest.xml:34:22-78
106    <uses-permission android:name="com.htc.launcher.permission.UPDATE_SHORTCUT" /> <!-- Sony -->
106-->[com.onesignal:OneSignal:4.8.2] AndroidManifest.xml:35:5-83
106-->[com.onesignal:OneSignal:4.8.2] AndroidManifest.xml:35:22-80
107    <uses-permission android:name="com.sonyericsson.home.permission.BROADCAST_BADGE" />
107-->[com.onesignal:OneSignal:4.8.2] AndroidManifest.xml:36:5-88
107-->[com.onesignal:OneSignal:4.8.2] AndroidManifest.xml:36:22-85
108    <uses-permission android:name="com.sonymobile.home.permission.PROVIDER_INSERT_BADGE" /> <!-- Apex -->
108-->[com.onesignal:OneSignal:4.8.2] AndroidManifest.xml:37:5-92
108-->[com.onesignal:OneSignal:4.8.2] AndroidManifest.xml:37:22-89
109    <uses-permission android:name="com.anddoes.launcher.permission.UPDATE_COUNT" /> <!-- Solid -->
109-->[com.onesignal:OneSignal:4.8.2] AndroidManifest.xml:38:5-84
109-->[com.onesignal:OneSignal:4.8.2] AndroidManifest.xml:38:22-81
110    <uses-permission android:name="com.majeur.launcher.permission.UPDATE_BADGE" /> <!-- Huawei -->
110-->[com.onesignal:OneSignal:4.8.2] AndroidManifest.xml:39:5-83
110-->[com.onesignal:OneSignal:4.8.2] AndroidManifest.xml:39:22-80
111    <uses-permission android:name="com.huawei.android.launcher.permission.CHANGE_BADGE" />
111-->[com.onesignal:OneSignal:4.8.2] AndroidManifest.xml:40:5-91
111-->[com.onesignal:OneSignal:4.8.2] AndroidManifest.xml:40:22-88
112    <uses-permission android:name="com.huawei.android.launcher.permission.READ_SETTINGS" />
112-->[com.onesignal:OneSignal:4.8.2] AndroidManifest.xml:41:5-92
112-->[com.onesignal:OneSignal:4.8.2] AndroidManifest.xml:41:22-89
113    <uses-permission android:name="com.huawei.android.launcher.permission.WRITE_SETTINGS" /> <!-- ZUK -->
113-->[com.onesignal:OneSignal:4.8.2] AndroidManifest.xml:42:5-93
113-->[com.onesignal:OneSignal:4.8.2] AndroidManifest.xml:42:22-90
114    <uses-permission android:name="android.permission.READ_APP_BADGE" /> <!-- OPPO -->
114-->[com.onesignal:OneSignal:4.8.2] AndroidManifest.xml:43:5-73
114-->[com.onesignal:OneSignal:4.8.2] AndroidManifest.xml:43:22-70
115    <uses-permission android:name="com.oppo.launcher.permission.READ_SETTINGS" />
115-->[com.onesignal:OneSignal:4.8.2] AndroidManifest.xml:44:5-82
115-->[com.onesignal:OneSignal:4.8.2] AndroidManifest.xml:44:22-79
116    <uses-permission android:name="com.oppo.launcher.permission.WRITE_SETTINGS" /> <!-- EvMe -->
116-->[com.onesignal:OneSignal:4.8.2] AndroidManifest.xml:45:5-83
116-->[com.onesignal:OneSignal:4.8.2] AndroidManifest.xml:45:22-80
117    <uses-permission android:name="me.everything.badger.permission.BADGE_COUNT_READ" />
117-->[com.onesignal:OneSignal:4.8.2] AndroidManifest.xml:46:5-88
117-->[com.onesignal:OneSignal:4.8.2] AndroidManifest.xml:46:22-85
118    <uses-permission android:name="me.everything.badger.permission.BADGE_COUNT_WRITE" />
118-->[com.onesignal:OneSignal:4.8.2] AndroidManifest.xml:47:5-89
118-->[com.onesignal:OneSignal:4.8.2] AndroidManifest.xml:47:22-86
119
120    <queries>
120-->[androidx.camera:camera-extensions:1.1.0-beta02] AndroidManifest.xml:24:5-28:15
121        <intent>
121-->[androidx.camera:camera-extensions:1.1.0-beta02] AndroidManifest.xml:25:9-27:18
122            <action android:name="androidx.camera.extensions.action.VENDOR_ACTION" />
122-->[androidx.camera:camera-extensions:1.1.0-beta02] AndroidManifest.xml:26:13-86
122-->[androidx.camera:camera-extensions:1.1.0-beta02] AndroidManifest.xml:26:21-83
123        </intent>
124    </queries>
125
126    <uses-permission android:name="android.permission.FOREGROUND_SERVICE" />
126-->[androidx.work:work-runtime:2.7.1] AndroidManifest.xml:28:5-77
126-->[androidx.work:work-runtime:2.7.1] AndroidManifest.xml:28:22-74
127    <uses-permission android:name="com.google.android.finsky.permission.BIND_GET_INSTALL_REFERRER_SERVICE" />
127-->[com.android.installreferrer:installreferrer:1.1.2] AndroidManifest.xml:9:5-110
127-->[com.android.installreferrer:installreferrer:1.1.2] AndroidManifest.xml:9:22-107
128
129    <application
129-->src/main/AndroidManifest.xml:50:5-69:19
130        android:name="com.beetpos.MainApplication"
130-->src/main/AndroidManifest.xml:51:7-38
131        android:allowBackup="false"
131-->src/main/AndroidManifest.xml:55:7-34
132        android:appComponentFactory="androidx.core.app.CoreComponentFactory"
132-->[androidx.core:core:1.7.0] AndroidManifest.xml:24:18-86
133        android:debuggable="true"
134        android:icon="@mipmap/ic_launcher"
134-->src/main/AndroidManifest.xml:53:7-41
135        android:label="@string/app_name"
135-->src/main/AndroidManifest.xml:52:7-39
136        android:roundIcon="@mipmap/ic_launcher_round"
136-->src/main/AndroidManifest.xml:54:7-52
137        android:theme="@style/AppTheme"
137-->src/main/AndroidManifest.xml:56:7-38
138        android:usesCleartextTraffic="true" >
138-->src/debug/AndroidManifest.xml:8:9-44
139        <activity
139-->src/debug/AndroidManifest.xml:11:9-111
140            android:name="com.facebook.react.devsupport.DevSettingsActivity"
140-->src/debug/AndroidManifest.xml:11:19-83
141            android:exported="false" />
141-->src/debug/AndroidManifest.xml:11:84-108
142        <activity
142-->src/main/AndroidManifest.xml:57:7-68:18
143            android:name="com.beetpos.MainActivity"
143-->src/main/AndroidManifest.xml:58:9-37
144            android:configChanges="keyboard|keyboardHidden|orientation|screenLayout|screenSize|smallestScreenSize|uiMode"
144-->src/main/AndroidManifest.xml:60:9-118
145            android:exported="true"
145-->src/main/AndroidManifest.xml:63:9-32
146            android:label="@string/app_name"
146-->src/main/AndroidManifest.xml:59:9-41
147            android:launchMode="singleTask"
147-->src/main/AndroidManifest.xml:61:9-40
148            android:windowSoftInputMode="adjustResize" >
148-->src/main/AndroidManifest.xml:62:9-51
149            <intent-filter>
149-->src/main/AndroidManifest.xml:64:9-67:25
150                <action android:name="android.intent.action.MAIN" />
150-->src/main/AndroidManifest.xml:65:13-65
150-->src/main/AndroidManifest.xml:65:21-62
151
152                <category android:name="android.intent.category.LAUNCHER" />
152-->src/main/AndroidManifest.xml:66:13-73
152-->src/main/AndroidManifest.xml:66:23-70
153            </intent-filter>
154        </activity>
155
156        <provider
156-->[:react-native-image-picker] AndroidManifest.xml:10:9-18:20
157            android:name="com.imagepicker.ImagePickerProvider"
157-->[:react-native-image-picker] AndroidManifest.xml:11:13-63
158            android:authorities="com.beetpos.imagepickerprovider"
158-->[:react-native-image-picker] AndroidManifest.xml:12:13-71
159            android:exported="false"
159-->[:react-native-image-picker] AndroidManifest.xml:13:13-37
160            android:grantUriPermissions="true" >
160-->[:react-native-image-picker] AndroidManifest.xml:14:13-47
161            <meta-data
161-->[:react-native-image-picker] AndroidManifest.xml:15:13-17:70
162                android:name="android.support.FILE_PROVIDER_PATHS"
162-->[:react-native-image-picker] AndroidManifest.xml:16:17-67
163                android:resource="@xml/imagepicker_provider_paths" />
163-->[:react-native-image-picker] AndroidManifest.xml:17:17-67
164        </provider>
165        <provider
165-->[:react-native-webview] AndroidManifest.xml:10:9-18:20
166            android:name="com.reactnativecommunity.webview.RNCWebViewFileProvider"
166-->[:react-native-webview] AndroidManifest.xml:11:13-83
167            android:authorities="com.beetpos.fileprovider"
167-->[:react-native-webview] AndroidManifest.xml:12:13-64
168            android:exported="false"
168-->[:react-native-webview] AndroidManifest.xml:13:13-37
169            android:grantUriPermissions="true" >
169-->[:react-native-webview] AndroidManifest.xml:14:13-47
170            <meta-data
170-->[:react-native-image-picker] AndroidManifest.xml:15:13-17:70
171                android:name="android.support.FILE_PROVIDER_PATHS"
171-->[:react-native-image-picker] AndroidManifest.xml:16:17-67
172                android:resource="@xml/file_provider_paths" />
172-->[:react-native-image-picker] AndroidManifest.xml:17:17-67
173        </provider>
174        <provider
174-->[:rn-fetch-blob] AndroidManifest.xml:34:9-42:20
175            android:name="com.RNFetchBlob.Utils.FileProvider"
175-->[:rn-fetch-blob] AndroidManifest.xml:35:13-62
176            android:authorities="com.beetpos.provider"
176-->[:rn-fetch-blob] AndroidManifest.xml:36:13-60
177            android:exported="false"
177-->[:rn-fetch-blob] AndroidManifest.xml:37:13-37
178            android:grantUriPermissions="true" >
178-->[:rn-fetch-blob] AndroidManifest.xml:38:13-47
179            <meta-data
179-->[:react-native-image-picker] AndroidManifest.xml:15:13-17:70
180                android:name="android.support.FILE_PROVIDER_PATHS"
180-->[:react-native-image-picker] AndroidManifest.xml:16:17-67
181                android:resource="@xml/provider_paths" />
181-->[:react-native-image-picker] AndroidManifest.xml:17:17-67
182        </provider>
183
184        <receiver
184-->[com.onesignal:OneSignal:4.8.2] AndroidManifest.xml:50:9-61:20
185            android:name="com.onesignal.FCMBroadcastReceiver"
185-->[com.onesignal:OneSignal:4.8.2] AndroidManifest.xml:51:13-62
186            android:exported="true"
186-->[com.onesignal:OneSignal:4.8.2] AndroidManifest.xml:52:13-36
187            android:permission="com.google.android.c2dm.permission.SEND" >
187-->[com.onesignal:OneSignal:4.8.2] AndroidManifest.xml:53:13-73
188
189            <!-- High priority so OneSignal payloads can be filtered from other FCM receivers -->
190            <intent-filter android:priority="999" >
190-->[com.onesignal:OneSignal:4.8.2] AndroidManifest.xml:56:13-60:29
190-->[com.onesignal:OneSignal:4.8.2] AndroidManifest.xml:56:28-50
191                <action android:name="com.google.android.c2dm.intent.RECEIVE" />
191-->[com.onesignal:OneSignal:4.8.2] AndroidManifest.xml:57:17-81
191-->[com.onesignal:OneSignal:4.8.2] AndroidManifest.xml:57:25-78
192
193                <category android:name="com.beetpos" />
193-->[com.onesignal:OneSignal:4.8.2] AndroidManifest.xml:59:17-61
193-->[com.onesignal:OneSignal:4.8.2] AndroidManifest.xml:59:27-58
194            </intent-filter>
195        </receiver>
196
197        <service
197-->[com.onesignal:OneSignal:4.8.2] AndroidManifest.xml:63:9-69:19
198            android:name="com.onesignal.HmsMessageServiceOneSignal"
198-->[com.onesignal:OneSignal:4.8.2] AndroidManifest.xml:64:13-68
199            android:exported="false" >
199-->[com.onesignal:OneSignal:4.8.2] AndroidManifest.xml:65:13-37
200            <intent-filter>
200-->[com.onesignal:OneSignal:4.8.2] AndroidManifest.xml:66:13-68:29
201                <action android:name="com.huawei.push.action.MESSAGING_EVENT" />
201-->[com.onesignal:OneSignal:4.8.2] AndroidManifest.xml:67:17-81
201-->[com.onesignal:OneSignal:4.8.2] AndroidManifest.xml:67:25-78
202            </intent-filter>
203        </service>
204
205        <activity
205-->[com.onesignal:OneSignal:4.8.2] AndroidManifest.xml:71:9-79:20
206            android:name="com.onesignal.NotificationOpenedActivityHMS"
206-->[com.onesignal:OneSignal:4.8.2] AndroidManifest.xml:72:13-71
207            android:exported="true"
207-->[com.onesignal:OneSignal:4.8.2] AndroidManifest.xml:73:13-36
208            android:noHistory="true"
208-->[com.onesignal:OneSignal:4.8.2] AndroidManifest.xml:74:13-37
209            android:theme="@android:style/Theme.Translucent.NoTitleBar" >
209-->[com.onesignal:OneSignal:4.8.2] AndroidManifest.xml:75:13-72
210            <intent-filter>
210-->[com.onesignal:OneSignal:4.8.2] AndroidManifest.xml:76:13-78:29
211                <action android:name="android.intent.action.VIEW" />
211-->[com.onesignal:OneSignal:4.8.2] AndroidManifest.xml:77:17-69
211-->[com.onesignal:OneSignal:4.8.2] AndroidManifest.xml:77:25-66
212            </intent-filter>
213        </activity>
214
215        <service
215-->[com.onesignal:OneSignal:4.8.2] AndroidManifest.xml:81:9-83:40
216            android:name="com.onesignal.FCMIntentService"
216-->[com.onesignal:OneSignal:4.8.2] AndroidManifest.xml:82:13-58
217            android:exported="false" />
217-->[com.onesignal:OneSignal:4.8.2] AndroidManifest.xml:83:13-37
218        <service
218-->[com.onesignal:OneSignal:4.8.2] AndroidManifest.xml:84:9-87:72
219            android:name="com.onesignal.FCMIntentJobService"
219-->[com.onesignal:OneSignal:4.8.2] AndroidManifest.xml:85:13-61
220            android:exported="false"
220-->[com.onesignal:OneSignal:4.8.2] AndroidManifest.xml:86:13-37
221            android:permission="android.permission.BIND_JOB_SERVICE" />
221-->[com.onesignal:OneSignal:4.8.2] AndroidManifest.xml:87:13-69
222        <service
222-->[com.onesignal:OneSignal:4.8.2] AndroidManifest.xml:88:9-91:43
223            android:name="com.onesignal.SyncService"
223-->[com.onesignal:OneSignal:4.8.2] AndroidManifest.xml:89:13-53
224            android:exported="false"
224-->[com.onesignal:OneSignal:4.8.2] AndroidManifest.xml:90:13-37
225            android:stopWithTask="true" />
225-->[com.onesignal:OneSignal:4.8.2] AndroidManifest.xml:91:13-40
226        <service
226-->[com.onesignal:OneSignal:4.8.2] AndroidManifest.xml:92:9-95:72
227            android:name="com.onesignal.SyncJobService"
227-->[com.onesignal:OneSignal:4.8.2] AndroidManifest.xml:93:13-56
228            android:exported="false"
228-->[com.onesignal:OneSignal:4.8.2] AndroidManifest.xml:94:13-37
229            android:permission="android.permission.BIND_JOB_SERVICE" />
229-->[com.onesignal:OneSignal:4.8.2] AndroidManifest.xml:95:13-69
230
231        <activity
231-->[com.onesignal:OneSignal:4.8.2] AndroidManifest.xml:97:9-100:75
232            android:name="com.onesignal.PermissionsActivity"
232-->[com.onesignal:OneSignal:4.8.2] AndroidManifest.xml:98:13-61
233            android:exported="false"
233-->[com.onesignal:OneSignal:4.8.2] AndroidManifest.xml:99:13-37
234            android:theme="@android:style/Theme.Translucent.NoTitleBar" />
234-->[com.onesignal:OneSignal:4.8.2] AndroidManifest.xml:100:13-72
235
236        <receiver
236-->[com.onesignal:OneSignal:4.8.2] AndroidManifest.xml:102:9-104:39
237            android:name="com.onesignal.NotificationDismissReceiver"
237-->[com.onesignal:OneSignal:4.8.2] AndroidManifest.xml:103:13-69
238            android:exported="true" />
238-->[com.onesignal:OneSignal:4.8.2] AndroidManifest.xml:104:13-36
239        <receiver
239-->[com.onesignal:OneSignal:4.8.2] AndroidManifest.xml:105:9-112:20
240            android:name="com.onesignal.BootUpReceiver"
240-->[com.onesignal:OneSignal:4.8.2] AndroidManifest.xml:106:13-56
241            android:exported="true" >
241-->[com.onesignal:OneSignal:4.8.2] AndroidManifest.xml:107:13-36
242            <intent-filter>
242-->[com.onesignal:OneSignal:4.8.2] AndroidManifest.xml:108:13-111:29
243                <action android:name="android.intent.action.BOOT_COMPLETED" />
243-->[com.onesignal:OneSignal:4.8.2] AndroidManifest.xml:109:17-79
243-->[com.onesignal:OneSignal:4.8.2] AndroidManifest.xml:109:25-76
244                <action android:name="android.intent.action.QUICKBOOT_POWERON" />
244-->[com.onesignal:OneSignal:4.8.2] AndroidManifest.xml:110:17-82
244-->[com.onesignal:OneSignal:4.8.2] AndroidManifest.xml:110:25-79
245            </intent-filter>
246        </receiver>
247        <receiver
247-->[com.onesignal:OneSignal:4.8.2] AndroidManifest.xml:113:9-119:20
248            android:name="com.onesignal.UpgradeReceiver"
248-->[com.onesignal:OneSignal:4.8.2] AndroidManifest.xml:114:13-57
249            android:exported="true" >
249-->[com.onesignal:OneSignal:4.8.2] AndroidManifest.xml:115:13-36
250            <intent-filter>
250-->[com.onesignal:OneSignal:4.8.2] AndroidManifest.xml:116:13-118:29
251                <action android:name="android.intent.action.MY_PACKAGE_REPLACED" />
251-->[com.onesignal:OneSignal:4.8.2] AndroidManifest.xml:117:17-84
251-->[com.onesignal:OneSignal:4.8.2] AndroidManifest.xml:117:25-81
252            </intent-filter>
253        </receiver>
254
255        <activity
255-->[com.onesignal:OneSignal:4.8.2] AndroidManifest.xml:121:9-127:75
256            android:name="com.onesignal.NotificationOpenedReceiver"
256-->[com.onesignal:OneSignal:4.8.2] AndroidManifest.xml:122:13-68
257            android:excludeFromRecents="true"
257-->[com.onesignal:OneSignal:4.8.2] AndroidManifest.xml:123:13-46
258            android:exported="true"
258-->[com.onesignal:OneSignal:4.8.2] AndroidManifest.xml:124:13-36
259            android:noHistory="true"
259-->[com.onesignal:OneSignal:4.8.2] AndroidManifest.xml:125:13-37
260            android:taskAffinity=""
260-->[com.onesignal:OneSignal:4.8.2] AndroidManifest.xml:126:13-36
261            android:theme="@android:style/Theme.Translucent.NoTitleBar" />
261-->[com.onesignal:OneSignal:4.8.2] AndroidManifest.xml:127:13-72
262        <activity
262-->[com.onesignal:OneSignal:4.8.2] AndroidManifest.xml:128:9-133:75
263            android:name="com.onesignal.NotificationOpenedReceiverAndroid22AndOlder"
263-->[com.onesignal:OneSignal:4.8.2] AndroidManifest.xml:129:13-85
264            android:excludeFromRecents="true"
264-->[com.onesignal:OneSignal:4.8.2] AndroidManifest.xml:130:13-46
265            android:exported="true"
265-->[com.onesignal:OneSignal:4.8.2] AndroidManifest.xml:131:13-36
266            android:noHistory="true"
266-->[com.onesignal:OneSignal:4.8.2] AndroidManifest.xml:132:13-37
267            android:theme="@android:style/Theme.Translucent.NoTitleBar" />
267-->[com.onesignal:OneSignal:4.8.2] AndroidManifest.xml:133:13-72
268
269        <receiver
269-->[com.google.firebase:firebase-messaging:22.0.0] AndroidManifest.xml:28:9-35:20
270            android:name="com.google.firebase.iid.FirebaseInstanceIdReceiver"
270-->[com.google.firebase:firebase-messaging:22.0.0] AndroidManifest.xml:29:13-78
271            android:exported="true"
271-->[com.google.firebase:firebase-messaging:22.0.0] AndroidManifest.xml:30:13-36
272            android:permission="com.google.android.c2dm.permission.SEND" >
272-->[com.google.firebase:firebase-messaging:22.0.0] AndroidManifest.xml:31:13-73
273            <intent-filter>
273-->[com.google.firebase:firebase-messaging:22.0.0] AndroidManifest.xml:32:13-34:29
274                <action android:name="com.google.android.c2dm.intent.RECEIVE" />
274-->[com.onesignal:OneSignal:4.8.2] AndroidManifest.xml:57:17-81
274-->[com.onesignal:OneSignal:4.8.2] AndroidManifest.xml:57:25-78
275            </intent-filter>
276        </receiver>
277        <!--
278             FirebaseMessagingService performs security checks at runtime,
279             but set to not exported to explicitly avoid allowing another app to call it.
280        -->
281        <service
281-->[com.google.firebase:firebase-messaging:22.0.0] AndroidManifest.xml:41:9-48:19
282            android:name="com.google.firebase.messaging.FirebaseMessagingService"
282-->[com.google.firebase:firebase-messaging:22.0.0] AndroidManifest.xml:42:13-82
283            android:directBootAware="true"
283-->[com.google.firebase:firebase-messaging:22.0.0] AndroidManifest.xml:43:13-43
284            android:exported="false" >
284-->[com.google.firebase:firebase-messaging:22.0.0] AndroidManifest.xml:44:13-37
285            <intent-filter android:priority="-500" >
285-->[com.google.firebase:firebase-messaging:22.0.0] AndroidManifest.xml:45:13-47:29
285-->[com.google.firebase:firebase-messaging:22.0.0] AndroidManifest.xml:45:28-51
286                <action android:name="com.google.firebase.MESSAGING_EVENT" />
286-->[com.google.firebase:firebase-messaging:22.0.0] AndroidManifest.xml:46:17-78
286-->[com.google.firebase:firebase-messaging:22.0.0] AndroidManifest.xml:46:25-75
287            </intent-filter>
288        </service>
289        <service